<?xml version="1.0" encoding="UTF-8"?>
<Site BuildName="Linux-g++"
	BuildStamp="20240131-1751-Experimental"
	Name="AERO15X"
	Generator="ctest-3.25.1"
	CompilerName="/usr/bin/g++"
	CompilerVersion="12.2.0"
	OSName="Linux"
	Hostname="AERO15X"
	OSRelease="6.1.0-16-amd64"
	OSVersion="#1 SMP PREEMPT_DYNAMIC Debian 6.1.67-1 (2023-12-12)"
	OSPlatform="x86_64"
	Is64Bits="1"
	VendorString="GenuineIntel"
	VendorID="Intel Corporation"
	FamilyID="6"
	ModelID="158"
	ProcessorCacheSize="9216"
	NumberOfLogicalCPU="12"
	NumberOfPhysicalCPU="6"
	TotalVirtualMemory="976"
	TotalPhysicalMemory="31949"
	LogicalProcessorsPerPhysical="2"
	ProcessorClockFrequency="2595.97"
	>
	<Testing>
		<StartDateTime>Jan 31 22:53 CET</StartDateTime>
		<StartTestTime>1706737988</StartTestTime>
		<TestList/>
		<EndDateTime>Jan 31 22:53 CET</EndDateTime>
		<EndTestTime>1706737988</EndTestTime>
		<ElapsedMinutes>0</ElapsedMinutes>
	</Testing>
</Site>
